<?xml version="1.0" encoding="UTF-8"?>
<!-- Generated by org.testng.reporters.JUnitReportReporter -->
<testsuite hostname="LAPTOP-70INTCVL" failures="0" tests="1" name="org.saucedemo.Testcases.ProductTest" time="0.414" errors="0" timestamp="2023-12-28T14:22:03 IST" skipped="0">
  <testcase classname="org.saucedemo.Testcases.ProductTest" name="TestProduct" time="0.414"/>
  <system-out/>
</testsuite> <!-- org.saucedemo.Testcases.ProductTest -->
