<?xml version="1.0" encoding="UTF-8"?>
<!-- Generated by org.testng.reporters.JUnitReportReporter -->
<testsuite hostname="LAPTOP-70INTCVL" failures="0" tests="1" name="org.test.automation.HomePage" time="13.239" errors="0" timestamp="2023-12-28T14:12:01 IST" skipped="0">
  <testcase classname="org.test.automation.HomePage" name="Login" time="13.239"/>
  <system-out/>
</testsuite> <!-- org.test.automation.HomePage -->
