<?xml version="1.0" encoding="UTF-8"?>
<!-- Generated by org.testng.reporters.JUnitReportReporter -->
<testsuite hostname="LAPTOP-70INTCVL" failures="0" tests="1" name="org.saucedemo.Testcases.TestLogin" time="1.156" errors="0" timestamp="2023-12-28T14:12:27 IST" skipped="0">
  <testcase classname="org.saucedemo.Testcases.TestLogin" name="LoginTest" time="1.156"/>
  <system-out/>
</testsuite> <!-- org.saucedemo.Testcases.TestLogin -->
