<?xml version="1.0" encoding="UTF-8"?>
<!-- Generated by org.testng.reporters.JUnitReportReporter -->
<testsuite hostname="LAPTOP-70INTCVL" failures="0" tests="1" name="org.saucedemo.Testcases.Test_001_Login" time="1.199" errors="0" timestamp="2023-12-28T14:38:24 IST" skipped="0">
  <testcase classname="org.saucedemo.Testcases.Test_001_Login" name="LoginTest" time="1.199"/>
  <system-out/>
</testsuite> <!-- org.saucedemo.Testcases.Test_001_Login -->
