<?xml version="1.0" encoding="UTF-8"?>
<!-- Generated by org.testng.reporters.JUnitReportReporter -->
<testsuite hostname="LAPTOP-70INTCVL" failures="0" tests="1" name="org.saucedemo.Testcases.MenuTest" time="4.548" errors="0" timestamp="2023-12-28T14:21:13 IST" skipped="0">
  <testcase classname="org.saucedemo.Testcases.MenuTest" name="menuTest" time="4.548"/>
  <system-out/>
</testsuite> <!-- org.saucedemo.Testcases.MenuTest -->
