<?xml version="1.0" encoding="UTF-8"?>
<!-- Generated by org.testng.reporters.JUnitReportReporter -->
<testsuite hostname="LAPTOP-70INTCVL" failures="0" tests="1" name="org.saucedemo.Testcases.CartTest" time="0.486" errors="0" timestamp="2023-12-28T14:22:03 IST" skipped="0">
  <testcase classname="org.saucedemo.Testcases.CartTest" name="TestCart" time="0.486"/>
  <system-out/>
</testsuite> <!-- org.saucedemo.Testcases.CartTest -->
