<?xml version="1.0" encoding="UTF-8"?>
<!-- Generated by org.testng.reporters.JUnitReportReporter -->
<testsuite hostname="LAPTOP-70INTCVL" failures="0" tests="1" name="org.saucedemo.Testcases.Test_001_Login" time="1.448" errors="0" timestamp="30 Dec 2023 07:26:26 GMT" skipped="0">
  <testcase classname="org.saucedemo.Testcases.Test_001_Login" name="LoginTest" time="1.448"/>
</testsuite> <!-- org.saucedemo.Testcases.Test_001_Login -->
