<?xml version="1.0" encoding="UTF-8"?>
<!-- Generated by org.testng.reporters.JUnitReportReporter -->
<testsuite hostname="LAPTOP-70INTCVL" failures="0" tests="1" name="org.saucedemo.Testcases.Test_003_ProductTest" time="0.368" errors="0" timestamp="28 Dec 2023 08:55:31 GMT" skipped="0">
  <testcase classname="org.saucedemo.Testcases.Test_003_ProductTest" name="TestProduct" time="0.368"/>
</testsuite> <!-- org.saucedemo.Testcases.Test_003_ProductTest -->
