<?xml version="1.0" encoding="UTF-8"?>
<!-- Generated by org.testng.reporters.JUnitReportReporter -->
<testsuite hostname="LAPTOP-70INTCVL" failures="0" tests="1" name="org.saucedemo.Testcases.CheckoutTest" time="0.469" errors="0" timestamp="30 Dec 2023 07:26:26 GMT" skipped="0">
  <testcase classname="org.saucedemo.Testcases.CheckoutTest" name="TestCheckout" time="0.469"/>
</testsuite> <!-- org.saucedemo.Testcases.CheckoutTest -->
