<?xml version="1.0" encoding="UTF-8"?>
<!-- Generated by org.testng.reporters.JUnitReportReporter -->
<testsuite hostname="LAPTOP-70INTCVL" failures="0" tests="1" name="org.saucedemo.Testcases.ProductTest" time="0.450" errors="0" timestamp="30 Dec 2023 07:26:26 GMT" skipped="0">
  <testcase classname="org.saucedemo.Testcases.ProductTest" name="TestProduct" time="0.450"/>
</testsuite> <!-- org.saucedemo.Testcases.ProductTest -->
