<?xml version="1.0" encoding="UTF-8"?>
<!-- Generated by org.testng.reporters.JUnitReportReporter -->
<testsuite hostname="LAPTOP-70INTCVL" failures="0" tests="1" name="org.saucedemo.Testcases.CheckoutTest" time="0.491" errors="0" timestamp="28 Dec 2023 13:40:29 GMT" skipped="0">
  <testcase classname="org.saucedemo.Testcases.CheckoutTest" name="TestCheckout" time="0.491"/>
</testsuite> <!-- org.saucedemo.Testcases.CheckoutTest -->
