<?xml version="1.0" encoding="UTF-8"?>
<!-- Generated by org.testng.reporters.JUnitReportReporter -->
<testsuite hostname="LAPTOP-70INTCVL" failures="0" tests="1" name="org.saucedemo.Testcases.Test_002_MenuTest" time="6.695" errors="0" timestamp="28 Dec 2023 08:55:31 GMT" skipped="0">
  <testcase classname="org.saucedemo.Testcases.Test_002_MenuTest" name="menuTest" time="6.695"/>
</testsuite> <!-- org.saucedemo.Testcases.Test_002_MenuTest -->
