<?xml version="1.0" encoding="UTF-8"?>
<!-- Generated by org.testng.reporters.JUnitReportReporter -->
<testsuite hostname="LAPTOP-70INTCVL" failures="0" tests="1" name="org.saucedemo.Testcases.TestLogin" time="1.119" errors="0" timestamp="28 Dec 2023 08:45:59 GMT" skipped="0">
  <testcase classname="org.saucedemo.Testcases.TestLogin" name="LoginTest" time="1.119"/>
</testsuite> <!-- org.saucedemo.Testcases.TestLogin -->
